Build started 10/22/2014 12:13:52 PM.
     1>Project "C:\Users\Phillip\Desktop\TaleofMeep\TaleofMeep\TaleofMeep\TaleofMeep.vcxproj" on node 2 (build target(s)).
     1>C:\Program Files (x86)\MSBuild\Microsoft.Cpp\v4.0\Microsoft.CppBuild.targets(299,5): warning MSB8004: Output Directory does not end with a trailing slash.  This build instance will add the slash as it is required to allow proper evaluation of the Output Directory.
     1>InitializeBuildStatus:
         Creating "Release\TaleofMeep.unsuccessfulbuild" because "AlwaysCreate" was specified.
       ClCompile:
         C:\Program Files (x86)\Microsoft Visual Studio 10.0\VC\bin\CL.exe /c /Zi /nologo /W3 /WX- /Od /Oy- /GL /D WIN32 /D NDEBUG /D _WINDOWS /D _UNICODE /D UNICODE /Gm- /EHa /MD /GS /Gy /fp:precise /Zc:wchar_t /Zc:forScope /Fo"Release\\" /Fd"Release\vc100.pdb" /Gd /TC /analyze- /errorReport:prompt ..\..\src\zombies.c
         zombies.c
     1>..\..\src\zombies.c(23): warning C4996: 'strcpy': This function or variable may be unsafe. Consider using strcpy_s instead. To disable deprecation, use _CRT_SECURE_NO_WARNINGS. See online help for details.
                 C:\Program Files (x86)\Microsoft Visual Studio 10.0\VC\include\string.h(105) : see declaration of 'strcpy'
     1>..\..\src\zombies.c(43): warning C4244: '=' : conversion from 'int' to 'float', possible loss of data
     1>..\..\src\zombies.c(44): warning C4244: '=' : conversion from 'int' to 'float', possible loss of data
     1>..\..\src\zombies.c(159): warning C4305: 'function' : truncation from 'double' to 'float'
     1>..\..\src\zombies.c(167): warning C4305: 'function' : truncation from 'double' to 'float'
     1>..\..\src\zombies.c(173): warning C4305: 'function' : truncation from 'double' to 'float'
     1>..\..\src\zombies.c(220): warning C4244: 'function' : conversion from 'float' to 'int', possible loss of data
     1>..\..\src\zombies.c(220): warning C4244: 'function' : conversion from 'float' to 'int', possible loss of data
     1>..\..\src\zombies.c(220): warning C4244: 'function' : conversion from 'double' to 'float', possible loss of data
     1>..\..\src\zombies.c(220): warning C4244: 'function' : conversion from 'double' to 'float', possible loss of data
       Link:
         C:\Program Files (x86)\Microsoft Visual Studio 10.0\VC\bin\link.exe /ERRORREPORT:PROMPT /OUT:"..\..\TaleofMeep.exe" /NOLOGO SDL.lib SDLmain.lib sdl_mixer.lib sdl_image.lib sdl_ttf.lib kernel32.lib user32.lib gdi32.lib winspool.lib comdlg32.lib advapi32.lib shell32.lib ole32.lib oleaut32.lib uuid.lib odbc32.lib odbccp32.lib /MANIFEST /ManifestFile:"Release\TaleofMeep.exe.intermediate.manifest" /MANIFESTUAC:"level='asInvoker' uiAccess='false'" /DEBUG /PDB:"C:\Users\Phillip\Desktop\TaleofMeep\TaleofMeep.pdb" /SUBSYSTEM:CONSOLE /OPT:REF /OPT:ICF /LTCG /TLBID:1 /DYNAMICBASE /NXCOMPAT /IMPLIB:"..\..\TaleofMeep.lib" /MACHINE:X86 Release\entity.obj
         Release\font.obj
         Release\game.obj
         Release\graphics.obj
         Release\menu.obj
         Release\particle.obj
         Release\player.obj
         Release\projectiles.obj
         Release\space.obj
         Release\spawn.obj
         Release\weapons.obj
         Release\window.obj
         Release\zombies.obj
         Generating code
         Finished generating code
         TaleofMeep.vcxproj -> C:\Users\Phillip\Desktop\TaleofMeep\TaleofMeep\TaleofMeep\..\..\TaleofMeep.exe
       Manifest:
         C:\Program Files (x86)\Microsoft SDKs\Windows\v7.0A\bin\mt.exe /nologo /verbose /outputresource:"..\..\TaleofMeep.exe;#1" /manifest Release\TaleofMeep.exe.intermediate.manifest
       FinalizeBuildStatus:
         Deleting file "Release\TaleofMeep.unsuccessfulbuild".
         Touching "Release\TaleofMeep.lastbuildstate".
     1>Done Building Project "C:\Users\Phillip\Desktop\TaleofMeep\TaleofMeep\TaleofMeep\TaleofMeep.vcxproj" (build target(s)).

Build succeeded.

Time Elapsed 00:00:00.44
