..\..\TaleofMeep.pdb
C:\USERS\PHILLIP\DESKTOP\TALEOFMEEP\TALEOFMEEP.EXE
C:\USERS\PHILLIP\DESKTOP\TALEOFMEEP\TALEOFMEEP.PDB
C:\Users\Phillip\Desktop\TaleofMeep\TaleofMeep\TaleofMeep\..\..\TaleofMeep.exe
C:\Users\Phillip\Desktop\TaleofMeep\TaleofMeep\TaleofMeep\Release\cl.command.1.tlog
C:\Users\Phillip\Desktop\TaleofMeep\TaleofMeep\TaleofMeep\Release\CL.read.1.tlog
C:\Users\Phillip\Desktop\TaleofMeep\TaleofMeep\TaleofMeep\Release\CL.write.1.tlog
C:\USERS\PHILLIP\DESKTOP\TALEOFMEEP\TALEOFMEEP\TALEOFMEEP\RELEASE\ENTITY.OBJ
C:\USERS\PHILLIP\DESKTOP\TALEOFMEEP\TALEOFMEEP\TALEOFMEEP\RELEASE\FONT.OBJ
C:\USERS\PHILLIP\DESKTOP\TALEOFMEEP\TALEOFMEEP\TALEOFMEEP\RELEASE\GAME.OBJ
C:\USERS\PHILLIP\DESKTOP\TALEOFMEEP\TALEOFMEEP\TALEOFMEEP\RELEASE\GRAPHICS.OBJ
C:\Users\Phillip\Desktop\TaleofMeep\TaleofMeep\TaleofMeep\Release\link.command.1.tlog
C:\Users\Phillip\Desktop\TaleofMeep\TaleofMeep\TaleofMeep\Release\link.read.1.tlog
C:\Users\Phillip\Desktop\TaleofMeep\TaleofMeep\TaleofMeep\Release\link.write.1.tlog
C:\USERS\PHILLIP\DESKTOP\TALEOFMEEP\TALEOFMEEP\TALEOFMEEP\RELEASE\MENU.OBJ
C:\Users\Phillip\Desktop\TaleofMeep\TaleofMeep\TaleofMeep\Release\mt.command.1.tlog
C:\Users\Phillip\Desktop\TaleofMeep\TaleofMeep\TaleofMeep\Release\mt.read.1.tlog
C:\Users\Phillip\Desktop\TaleofMeep\TaleofMeep\TaleofMeep\Release\mt.write.1.tlog
C:\USERS\PHILLIP\DESKTOP\TALEOFMEEP\TALEOFMEEP\TALEOFMEEP\RELEASE\PARTICLE.OBJ
C:\USERS\PHILLIP\DESKTOP\TALEOFMEEP\TALEOFMEEP\TALEOFMEEP\RELEASE\PLAYER.OBJ
C:\USERS\PHILLIP\DESKTOP\TALEOFMEEP\TALEOFMEEP\TALEOFMEEP\RELEASE\PROJECTILES.OBJ
C:\USERS\PHILLIP\DESKTOP\TALEOFMEEP\TALEOFMEEP\TALEOFMEEP\RELEASE\SPACE.OBJ
C:\USERS\PHILLIP\DESKTOP\TALEOFMEEP\TALEOFMEEP\TALEOFMEEP\RELEASE\SPAWN.OBJ
C:\USERS\PHILLIP\DESKTOP\TALEOFMEEP\TALEOFMEEP\TALEOFMEEP\RELEASE\TALEOFMEEP.EXE.INTERMEDIATE.MANIFEST
C:\Users\Phillip\Desktop\TaleofMeep\TaleofMeep\TaleofMeep\Release\TaleofMeep.vcxprojResolveAssemblyReference.cache
C:\Users\Phillip\Desktop\TaleofMeep\TaleofMeep\TaleofMeep\Release\TaleofMeep.write.1.tlog
C:\USERS\PHILLIP\DESKTOP\TALEOFMEEP\TALEOFMEEP\TALEOFMEEP\RELEASE\VC100.PDB
C:\USERS\PHILLIP\DESKTOP\TALEOFMEEP\TALEOFMEEP\TALEOFMEEP\RELEASE\WEAPONS.OBJ
C:\USERS\PHILLIP\DESKTOP\TALEOFMEEP\TALEOFMEEP\TALEOFMEEP\RELEASE\WINDOW.OBJ
C:\USERS\PHILLIP\DESKTOP\TALEOFMEEP\TALEOFMEEP\TALEOFMEEP\RELEASE\ZOMBIES.OBJ
