Build started 10/8/2014 7:00:28 PM.
     1>Project "C:\Users\Phillip\Desktop\TaleofMeep\TaleofMeep\TaleofMeep\TaleofMeep.vcxproj" on node 2 (build target(s)).
     1>C:\Program Files (x86)\MSBuild\Microsoft.Cpp\v4.0\Microsoft.CppBuild.targets(299,5): warning MSB8004: Output Directory does not end with a trailing slash.  This build instance will add the slash as it is required to allow proper evaluation of the Output Directory.
     1>InitializeBuildStatus:
         Creating "Debug\TaleofMeep.unsuccessfulbuild" because "AlwaysCreate" was specified.
       ClCompile:
         C:\Program Files (x86)\Microsoft Visual Studio 10.0\VC\bin\CL.exe /c /ZI /nologo /W3 /WX- /Od /Oy- /D WIN32 /D _DEBUG /D _WINDOWS /D _UNICODE /D UNICODE /Gm /EHa /RTC1 /MD /GS /fp:precise /Zc:wchar_t /Zc:forScope /Fo"Debug\\" /Fd"Debug\vc100.pdb" /Gd /TC /analyze- /errorReport:prompt ..\..\src\game.c
         game.c
     1>c:\users\phillip\desktop\taleofmeep\src\game.c(167): warning C4113: 'void (__cdecl *)()' differs in parameter lists from 'void (__cdecl *)(void)'
     1>c:\users\phillip\desktop\taleofmeep\src\game.c(266): warning C4101: 'i' : unreferenced local variable
     1>c:\users\phillip\desktop\taleofmeep\src\game.c(267): warning C4101: 'keys' : unreferenced local variable
       Link:
         C:\Program Files (x86)\Microsoft Visual Studio 10.0\VC\bin\link.exe /ERRORREPORT:PROMPT /OUT:"C:\Users\Phillip\Desktop\TaleofMeep\TaleofMeep.exe" /NOLOGO SDL.lib SDLmain.lib sdl_mixer.lib sdl_image.lib sdl_ttf.lib kernel32.lib user32.lib gdi32.lib winspool.lib comdlg32.lib advapi32.lib shell32.lib ole32.lib oleaut32.lib uuid.lib odbc32.lib odbccp32.lib /MANIFEST /ManifestFile:"Debug\TaleofMeep.exe.intermediate.manifest" /MANIFESTUAC:"level='asInvoker' uiAccess='false'" /DEBUG /PDB:"C:\Users\Phillip\Desktop\TaleofMeep\TaleofMeep.pdb" /SUBSYSTEM:WINDOWS /TLBID:1 /DYNAMICBASE /NXCOMPAT /IMPLIB:"C:\Users\Phillip\Desktop\TaleofMeep\TaleofMeep.lib" /MACHINE:X86 Debug\entity.obj
         Debug\font.obj
         Debug\game.obj
         Debug\graphics.obj
         Debug\menu.obj
         Debug\player.obj
         Debug\space.obj
         Debug\spawn.obj
         Debug\window.obj
         LINK : C:\Users\Phillip\Desktop\TaleofMeep\TaleofMeep.exe not found or not built by the last incremental link; performing full link
         TaleofMeep.vcxproj -> C:\Users\Phillip\Desktop\TaleofMeep\TaleofMeep.exe
       Manifest:
         C:\Program Files (x86)\Microsoft SDKs\Windows\v7.0A\bin\mt.exe /nologo /verbose /outputresource:"C:\Users\Phillip\Desktop\TaleofMeep\TaleofMeep.exe;#1" /manifest Debug\TaleofMeep.exe.intermediate.manifest
       FinalizeBuildStatus:
         Deleting file "Debug\TaleofMeep.unsuccessfulbuild".
         Touching "Debug\TaleofMeep.lastbuildstate".
     1>Done Building Project "C:\Users\Phillip\Desktop\TaleofMeep\TaleofMeep\TaleofMeep\TaleofMeep.vcxproj" (build target(s)).

Build succeeded.

Time Elapsed 00:00:00.68
